Arguments: 
  /usr/bin/node /usr/bin/yarn add puppeteer

PATH: 
  /usr/local/sbin:/usr/local/bin:/usr/bin:/usr/bin/site_perl:/usr/bin/vendor_perl:/usr/bin/core_perl:/var/lib/snapd/snap/bin:/home/ibenchi/Android/Sdk/tools:/home/ibenchi/Android/Sdk/tools:/home/ibenchi/go/bin:/usr/local/go/bin:/usr/local/sbin:/home/ibenchi/go/bin:/usr/local/go/bin:/usr/local/bin:/home/ibenchi/go/bin:/usr/local/go/bin:/usr/bin:/home/ibenchi/go/bin:/usr/local/go/bin:/usr/bin/site_perl:/home/ibenchi/go/bin:/usr/local/go/bin:/usr/bin/vendor_perl:/home/ibenchi/go/bin:/usr/local/go/bin:/usr/bin/core_perl:/home/ibenchi/go/bin:/usr/local/go/bin:/var/lib/snapd/snap/bin:/home/ibenchi/go/pkg/mod/github.com/migrate/migrate:/home/ibenchi/Android/Sdk/tools:/home/ibenchi/Android/Sdk/tools:/home/ibenchi/go/bin:/usr/local/go/bin:/usr/local/sbin:/home/ibenchi/go/bin:/usr/local/go/bin:/usr/local/bin:/home/ibenchi/go/bin:/usr/local/go/bin:/usr/bin:/home/ibenchi/go/bin:/usr/local/go/bin:/usr/bin/site_perl:/home/ibenchi/go/bin:/usr/local/go/bin:/usr/bin/vendor_perl:/home/ibenchi/go/bin:/usr/local/go/bin:/usr/bin/core_perl:/home/ibenchi/go/bin:/usr/local/go/bin:/var/lib/snapd/snap/bin:/home/ibenchi/go/bin:/usr/local/go/bin:/home/ibenchi/Android/Sdk/tools:/home/ibenchi/go/bin:/usr/local/go/bin:/home/ibenchi/Android/Sdk/tools:/home/ibenchi/go/bin:/usr/local/go/bin:/home/ibenchi/go/bin:/home/ibenchi/go/bin:/usr/local/go/bin:/usr/local/go/bin:/home/ibenchi/go/bin:/usr/local/go/bin:/usr/local/sbin:/home/ibenchi/go/bin:/usr/local/go/bin:/home/ibenchi/go/bin:/home/ibenchi/go/bin:/usr/local/go/bin:/usr/local/go/bin:/home/ibenchi/go/bin:/usr/local/go/bin:/usr/local/bin:/home/ibenchi/go/bin:/usr/local/go/bin:/home/ibenchi/go/bin:/home/ibenchi/go/bin:/usr/local/go/bin:/usr/local/go/bin:/home/ibenchi/go/bin:/usr/local/go/bin:/usr/bin:/home/ibenchi/go/bin:/usr/local/go/bin:/home/ibenchi/go/bin:/home/ibenchi/go/bin:/usr/local/go/bin:/usr/local/go/bin:/home/ibenchi/go/bin:/usr/local/go/bin:/usr/bin/site_perl:/home/ibenchi/go/bin:/usr/local/go/bin:/home/ibenchi/go/bin:/home/ibenchi/go/bin:/usr/local/go/bin:/usr/local/go/bin:/home/ibenchi/go/bin:/usr/local/go/bin:/usr/bin/vendor_perl:/home/ibenchi/go/bin:/usr/local/go/bin:/home/ibenchi/go/bin:/home/ibenchi/go/bin:/usr/local/go/bin:/usr/local/go/bin:/home/ibenchi/go/bin:/usr/local/go/bin:/usr/bin/core_perl:/home/ibenchi/go/bin:/usr/local/go/bin:/home/ibenchi/go/bin:/home/ibenchi/go/bin:/usr/local/go/bin:/usr/local/go/bin:/home/ibenchi/go/bin:/usr/local/go/bin:/var/lib/snapd/snap/bin:/home/ibenchi/go/bin:/usr/local/go/bin:/home/ibenchi/go/pkg/mod/github.com/migrate/migrate:/home/ibenchi/go/pkg/mod/github.com/migrate/migrate

Yarn version: 
  1.22.17

Node version: 
  17.6.0

Platform: 
  linux x64

Trace: 
  Error: getaddrinfo EAI_AGAIN registry.yarnpkg.com
      at GetAddrInfoReqWrap.onlookup [as oncomplete] (node:dns:72:26)

npm manifest: 
  {
    "name": "web-scraping",
    "version": "1.0.0",
    "description": "",
    "main": "index.js",
    "scripts": {
      "test": "echo \"Error: no test specified\" && exit 1"
    },
    "repository": {
      "type": "git",
      "url": "git+https://github.com/rayyyan/web-scraping.git"
    },
    "keywords": [],
    "author": "",
    "license": "ISC",
    "bugs": {
      "url": "https://github.com/rayyyan/web-scraping/issues"
    },
    "homepage": "https://github.com/rayyyan/web-scraping#readme"
  }

yarn manifest: 
  No manifest

Lockfile: 
  # THIS IS AN AUTOGENERATED FILE. DO NOT EDIT THIS FILE DIRECTLY.
  # yarn lockfile v1
